"../../../../../Unreal Projects/FlappyBird/Content/StarterContent/Materials/M_Basic_Floor.uasset" 0
"../../../../../Unreal Projects/FlappyBird/Content/StarterContent/Architecture/Floor_400x400.uasset" 1
"../../../../../Unreal Projects/FlappyBird/Content/StarterContent/Materials/M_AssetPlatform.uasset" 2
"../../../../../Unreal Projects/FlappyBird/Content/StarterContent/Materials/M_Basic_Wall.uasset" 3
"../../../../../Unreal Projects/FlappyBird/Content/StarterContent/Particles/Materials/M_Burst.uasset" 4
"../../../../../Unreal Projects/FlappyBird/Content/StarterContent/Particles/Materials/M_Dust_Particle.uasset" 5
"../../../../../Unreal Projects/FlappyBird/Content/StarterContent/Particles/Materials/M_explosion_subUV.uasset" 6
"../../../../../Unreal Projects/FlappyBird/Content/StarterContent/Particles/Materials/M_Fire_SubUV.uasset" 7
"../../../../../Unreal Projects/FlappyBird/Content/StarterContent/Particles/Materials/m_flare_01.uasset" 8
"../../../../../Unreal Projects/FlappyBird/Content/StarterContent/Particles/Materials/M_Heat_Distortion.uasset" 9
"../../../Engine/Content/Functions/Engine_MaterialFunctions01/Gradient/RadialGradient.uasset" 10
"../../../../../Unreal Projects/FlappyBird/Content/StarterContent/Particles/Materials/M_Radial_Gradient.uasset" 11
"../../../../../Unreal Projects/FlappyBird/Content/StarterContent/Particles/Materials/M_radial_ramp.uasset" 12
"../../../../../Unreal Projects/FlappyBird/Content/StarterContent/Particles/Materials/M_smoke_subUV.uasset" 13
"../../../../../Unreal Projects/FlappyBird/Content/StarterContent/Particles/Materials/M_Spark.uasset" 14
"../../../Engine/Content/Functions/Engine_MaterialFunctions01/Opacity/CameraDepthFade.uasset" 15
"../../../Engine/Content/EngineMaterials/T_Default_Material_Grid_M.uasset" 16
"../../../Engine/Content/EngineMaterials/T_Default_Material_Grid_N.uasset" 17
"../../../Engine/Content/EngineMaterials/WorldGridMaterial.uasset" 18
"../../../Engine/Content/ArtTools/RenderToTexture/Meshes/S_1_Unit_Plane.uasset" 19
"../../../Engine/Content/EngineMaterials/DefaultMaterial.uasset" 20
"../../../Engine/Content/BasicShapes/Cone.uasset" 21
"../../../Engine/Content/BasicShapes/Cylinder.uasset" 22
"../../../Engine/Content/BasicShapes/Plane.uasset" 23
"../../../Engine/Content/BasicShapes/Sphere.uasset" 24
"../../../Engine/Content/EditorLandscapeResources/DataLayer.uasset" 25
"../../../Engine/Content/EditorMaterials/GizmoMaterial.uasset" 26
"../../../Engine/Content/EditorMaterials/MAT_Groups_Toggle.uasset" 27
"../../../Engine/Content/EditorMaterials/MAT_Groups_Visibility.uasset" 28
"../../../Engine/Content/EditorMaterials/PreviewShadowIndicator.uasset" 29
"../../../Engine/Content/EditorMaterials/PreviewShadowIndicatorMaterial.uasset" 30
"../../../Engine/Content/EditorMaterials/MatineeGroups/MAT_ColorTrack.uasset" 31
"../../../Engine/Content/EditorMaterials/MatineeGroups/MAT_Groups_Anim.uasset" 32
"../../../Engine/Content/EditorMaterials/MatineeGroups/MAT_Groups_AudioMaster.uasset" 33
"../../../Engine/Content/EditorMaterials/MatineeGroups/MAT_Groups_Director.uasset" 34
"../../../Engine/Content/EditorMaterials/MatineeGroups/MAT_Groups_Event.uasset" 35
"../../../Engine/Content/EditorMaterials/MatineeGroups/MAT_Groups_Fade.uasset" 36
"../../../Engine/Content/EditorMaterials/MatineeGroups/MAT_Groups_Float.uasset" 37
"../../../Engine/Content/EditorMaterials/MatineeGroups/MAT_Groups_Move.uasset" 38
"../../../Engine/Content/EditorMaterials/MatineeGroups/MAT_Groups_Slomo.uasset" 39
"../../../Engine/Content/EditorMaterials/MatineeGroups/MAT_Groups_Sound.uasset" 40
"../../../Engine/Content/EditorMaterials/MatineeGroups/MAT_Groups_Vector.uasset" 41
"../../../Engine/Content/EditorMaterials/ParticleSystems/PSysThumbnail_NoImage.uasset" 42
"../../../Engine/Content/EditorMaterials/ParticleSystems/PSysThumbnail_OOD.uasset" 43
"../../../Engine/Content/EditorMaterials/Camera/CineMat.uasset" 44
"../../../Engine/Content/EditorMaterials/Camera/MI_CineMat_Rig.uasset" 45
"../../../Engine/Content/EditorMeshes/Camera/SM_CraneRig_Arm.uasset" 46
"../../../Engine/Content/EditorMeshes/Camera/SM_CraneRig_Base.uasset" 47
"../../../Engine/Content/EditorMeshes/Camera/SM_CraneRig_Body.uasset" 48
"../../../Engine/Content/EditorMeshes/Camera/SM_CraneRig_Mount.uasset" 49
"../../../Engine/Content/EditorMeshes/Camera/SM_RailRig_Mount.uasset" 50
"../../../Engine/Content/EditorMeshes/Camera/SM_RailRig_Track.uasset" 51
"../../../Engine/Content/EditorResources/BSPVertex.uasset" 52
"../../../Engine/Content/EditorResources/EmptyActor.uasset" 53
"../../../Engine/Content/EditorResources/S_Actor.uasset" 54
"../../../Engine/Content/EditorResources/S_Trigger.uasset" 55
"../../../Engine/Content/EditorResources/LightIcons/S_LightError.uasset" 56
"../../../Engine/Content/EditorResources/SequenceRecorder/Countdown.uasset" 57
"../../../Engine/Content/EditorResources/SequenceRecorder/RecordingIndicator.uasset" 58
"../../../Engine/Content/EditorSounds/Notifications/CompileFailed.uasset" 59
"../../../Engine/Content/EditorSounds/Notifications/CompileFailed_Cue.uasset" 60
"../../../Engine/Content/EditorSounds/Notifications/CompileSuccess.uasset" 61
"../../../Engine/Content/EditorSounds/Notifications/CompileStart_Cue.uasset" 62
"../../../Engine/Content/EditorSounds/Notifications/CompileSuccess_Cue.uasset" 63
"../../../Engine/Content/EngineDamageTypes/DmgTypeBP_Environmental.uasset" 64
"../../../Engine/Content/EngineDebugMaterials/HeatmapGradient.uasset" 65
"../../../Engine/Content/EngineDebugMaterials/BoneWeightMaterial.uasset" 66
"../../../Engine/Content/EngineDebugMaterials/ClothMaterial.uasset" 67
"../../../Engine/Content/EngineDebugMaterials/ClothMaterial_WF.uasset" 68
"../../../Engine/Content/EngineDebugMaterials/DebugEditorMaterial.uasset" 69
"../../../Engine/Content/EngineDebugMaterials/DebugMeshMaterial.uasset" 70
"../../../Engine/Content/EngineDebugMaterials/GeomMaterial.uasset" 71
"../../../Engine/Content/EngineDebugMaterials/M_SimpleTranslucent.uasset" 72
"../../../Engine/Content/EngineFonts/Faces/RobotoBold.uasset" 73
"../../../Engine/Content/EngineFonts/Faces/RobotoBoldItalic.uasset" 74
"../../../Engine/Content/EngineFonts/Faces/RobotoItalic.uasset" 75
"../../../Engine/Content/EngineFonts/Faces/RobotoLight.uasset" 76
"../../../Engine/Content/EngineFonts/Faces/RobotoRegular.uasset" 77
"../../../Engine/Content/EngineFonts/Roboto.uasset" 78
"../../../Engine/Content/EngineFonts/Faces/RobotoTiny.uasset" 79
"../../../Engine/Content/EngineFonts/RobotoTiny.uasset" 80
"../../../Engine/Content/EngineMaterials/BaseFlattenDiffuseMap.uasset" 81
"../../../Engine/Content/EngineMaterials/BaseFlattenEmissiveMap.uasset" 82
"../../../Engine/Content/EngineMaterials/BaseFlattenGrayscaleMap.uasset" 83
"../../../Engine/Content/EngineMaterials/BaseFlattenNormalMap.uasset" 84
"../../../Engine/Content/EngineMaterials/BaseFlattenMaterial.uasset" 85
"../../../Engine/Content/EngineMaterials/DefaultBloomKernel.uasset" 86
"../../../Engine/Content/EngineMaterials/DefaultBokeh.uasset" 87
"../../../Engine/Content/EngineMaterials/DefaultDiffuse.uasset" 88
"../../../Engine/Content/EngineMaterials/DefaultDeferredDecalMaterial.uasset" 89
"../../../Engine/Content/EngineMaterials/DefaultLightFunctionMaterial.uasset" 90
"../../../Engine/Content/EngineMaterials/DefaultPhysicalMaterial.uasset" 91
"../../../Engine/Content/Functions/Engine_MaterialFunctions02/Utility/BreakOutFloat2Components.uasset" 92
"../../../Engine/Content/EngineMaterials/DefaultPostProcessMaterial.uasset" 93
"../../../Engine/Content/EngineFonts/RobotoDistanceField.uasset" 94
"../../../Engine/Content/EngineMaterials/DefaultTextMaterialOpaque.uasset" 95
"../../../Engine/Content/EngineMaterials/DefaultWhiteGrid.uasset" 96
"../../../Engine/Content/EngineMaterials/EditorBrushMaterial.uasset" 97
"../../../Engine/Content/EngineMaterials/Good64x64TilingNoiseHighFreq.uasset" 98
"../../../Engine/Content/EngineMaterials/MiniFont.uasset" 99
"../../../Engine/Content/EngineMaterials/InvalidLightmapSettings.uasset" 100
"../../../Engine/Content/EngineMaterials/M_InvalidLightmapSettings.uasset" 101
"../../../Engine/Content/Functions/Engine_MaterialFunctions02/WorldPositionOffset/CameraOffset.uasset" 102
"../../../Engine/Content/EngineMaterials/PhAT_JointLimitMaterial.uasset" 103
"../../../Engine/Content/EngineMaterials/PreintegratedSkinBRDF.uasset" 104
"../../../Engine/Content/EngineMaterials/RemoveSurfaceMaterial.uasset" 105
"../../../Engine/Content/EngineMaterials/WeightMapPlaceholderTexture.uasset" 106
"../../../Engine/Content/EngineResources/WhiteSquareTexture.uasset" 107
"../../../Engine/Content/EngineMaterials/Widget3DPassThrough.uasset" 108
"../../../Engine/Content/EngineMaterials/Widget3DPassThrough_Masked.uasset" 109
"../../../Engine/Content/EngineMaterials/Widget3DPassThrough_Opaque.uasset" 110
"../../../Engine/Content/EngineMaterials/Widget3DPassThrough_Masked_OneSided.uasset" 111
"../../../Engine/Content/EngineMaterials/Widget3DPassThrough_Opaque_OneSided.uasset" 112
"../../../Engine/Content/EngineMaterials/Widget3DPassThrough_Translucent.uasset" 113
"../../../Engine/Content/EngineMaterials/Widget3DPassThrough_Translucent_OneSided.uasset" 114
"../../../Engine/Content/EngineMeshes/Cube.uasset" 115
"../../../Engine/Content/EngineMeshes/Cylinder.uasset" 116
"../../../Engine/Content/EngineMeshes/Sphere.uasset" 117
"../../../Engine/Content/EngineResources/Black.uasset" 118
"../../../Engine/Content/EngineResources/DefaultTexture.uasset" 119
"../../../Engine/Content/EngineResources/DefaultTextureCube.uasset" 120
"../../../Engine/Content/EngineResources/DefaultVolumeTexture2D.uasset" 121
"../../../Engine/Content/EngineResources/DefaultVolumeTexture.uasset" 122
"../../../Engine/Content/EngineResources/GradientTexture0.uasset" 123
"../../../Engine/Content/EngineSounds/Master.uasset" 124
"../../../Engine/Content/Functions/Engine_MaterialFunctions01/Shading/ConvertFromDiffSpec.uasset" 125
"../../../Engine/Content/Functions/Engine_MaterialFunctions01/Shading/PowerToRoughness.uasset" 126
"../../../Engine/Content/Maps/Templates/Thumbnails/Default.uasset" 127
"../../../Engine/Content/Maps/Templates/Thumbnails/VR-Basic.uasset" 128
"../../../Engine/Content/MobileResources/T_MobileControls_texture.uasset" 129
"../../../Engine/Content/MobileResources/T_MobileMenu2.uasset" 130
"../../../Engine/Content/MobileResources/HUD/AnalogHat.uasset" 131
"../../../Engine/Content/MobileResources/HUD/VirtualJoystick_Background.uasset" 132
"../../../Engine/Content/MobileResources/HUD/VirtualJoystick_Thumb.uasset" 133
"../../../Engine/Content/MobileResources/HUD/DefaultVirtualJoysticks.uasset" 134
"../../../Engine/Content/MobileResources/HUD/LeftVirtualJoystickOnly.uasset" 135
"../../../Engine/Content/MobileResources/HUD/MobileHUDButton1_off.uasset" 136
"../../../Engine/Content/MobileResources/HUD/MobileHUDButton1_on.uasset" 137
"../../../Engine/Content/MobileResources/HUD/MobileHUDButton2_off.uasset" 138
"../../../Engine/Content/MobileResources/HUD/MobileHUDButton2_on.uasset" 139
"../../../Engine/Content/MobileResources/HUD/MobileHUDButton3.uasset" 140
"../../../Engine/Content/MobileResources/HUD/MobileHUDButtonFire.uasset" 141
"../../../Engine/Content/MobileResources/HUD/MobileHUDDirectionPad.uasset" 142
"../../../Engine/Content/MobileResources/HUD/MobileHUDDirectionPad2.uasset" 143
"../../../Engine/Content/MobileResources/HUD/MobileHUDDirectionPad3.uasset" 144
"../../../Engine/Content/MobileResources/HUD/MobileHUDDirectionStick.uasset" 145
"../../../Engine/Content/MobileResources/HUD/T_Castle_ThumbstickInner.uasset" 146
"../../../Engine/Content/MobileResources/HUD/T_Castle_ThumbstickOutter.uasset" 147
"../../../Engine/Content/Tutorial/ContentIntroCurve.uasset" 148
"../../../Engine/Content/Tutorial/Basics/TutorialAssets/CameraActor_64x.uasset" 149
"../../../Engine/Content/Tutorial/Basics/TutorialAssets/icon_tab_Levels_40x.uasset" 150
"../../../Engine/Content/Tutorial/BlueprintTutorials/TutorialAssets/BlueprintInterface_64x.uasset" 151
"../../../Engine/Content/Tutorial/BlueprintTutorials/TutorialAssets/BlueprintMacroLibrary_64x.uasset" 152
"../../../Engine/Content/Tutorial/BlueprintTutorials/TutorialAssets/Blueprint_64x.uasset" 153
"../../../Engine/Content/EditorBlueprintResources/ActorMacros.uasset" 154
"../../../Engine/Content/EditorBlueprintResources/StandardMacros.uasset" 155
"../../../Engine/Content/Tutorial/BlueprintTutorials/TutorialAssets/Tutorial_BP_Class.uasset" 156
"../../../Engine/Content/Tutorial/BlueprintTutorials/TutorialAssets/Tutorial_BP_Interface.uasset" 157
"../../../Engine/Content/Tutorial/Foliage/TutorialAssets/Foliage.uasset" 158
"../../../Engine/Content/Tutorial/Landscape/TutorialAssets/Landscape.uasset" 159
"../../../Engine/Content/Tutorial/SubEditors/TutorialAssets/icon_ShowSkeletalMeshes_40x.uasset" 160
"../../../Engine/Content/Tutorial/SubEditors/TutorialAssets/TutorialMaterial.uasset" 161
"../../../Engine/Content/Tutorial/SubEditors/TutorialAssets/T_SmokeSubUV_8X8.uasset" 162
"../../../Engine/Content/Tutorial/SubEditors/TutorialAssets/T_soft_smoke.uasset" 163
"../../../Engine/Content/Tutorial/SubEditors/TutorialAssets/M_smoke_subUV_blackbody.uasset" 164
"../../../Engine/Content/Tutorial/SubEditors/TutorialAssets/TutorialParticleSystem.uasset" 165
"../../../Engine/Content/VREditor/LaserPointer/VR_LaserPower_01.uasset" 166
"../../../Engine/Content/VREditor/TransformGizmo/TransformGizmoMaterial.uasset" 167
"../../../Engine/Content/VREditor/TransformGizmo/TranslucentTransformGizmoMaterial.uasset" 168
"../../../Engine/Content/VREditor/TransformGizmo/BoundingBoxCorner.uasset" 169
"../../../Engine/Content/VREditor/TransformGizmo/BoundingBoxEdge.uasset" 170
"../../../Engine/Content/VREditor/TransformGizmo/PlaneTranslationHandle.uasset" 171
"../../../Engine/Content/VREditor/TransformGizmo/Main.uasset" 172
"../../../Engine/Content/VREditor/TransformGizmo/Xray.uasset" 173
"../../../Engine/Content/VREditor/TransformGizmo/SM_Sequencer_Key.uasset" 174
"../../../Engine/Content/VREditor/TransformGizmo/SM_Sequencer_Node.uasset" 175
"../../Plugins/2D/Paper2D/Content/PlaceholderTextures/DummySpriteTexture.uasset" 176
"../../Plugins/2D/Paper2D/Content/DummySprite.uasset" 177
"../../Plugins/2D/Paper2D/Content/DefaultPaperTerrainMaterial.uasset" 178
"../../Plugins/2D/Paper2D/Content/DefaultSpriteMaterial.uasset" 179
"../../Plugins/2D/Paper2D/Content/MaskedUnlitSpriteMaterial.uasset" 180
"../../Plugins/2D/Paper2D/Content/OpaqueUnlitSpriteMaterial.uasset" 181
"../../Plugins/Runtime/Oculus/OculusVR/Content/Materials/PokeAHoleMaterial.uasset" 182
"../../Plugins/Runtime/Oculus/OculusVR/Content/Textures/GearVRController_AO.uasset" 183
"../../Plugins/Runtime/Oculus/OculusVR/Content/Textures/GearVRController_Color.uasset" 184
"../../Plugins/Runtime/Oculus/OculusVR/Content/Textures/GearVRController_Normal.uasset" 185
"../../Plugins/Runtime/Oculus/OculusVR/Content/Materials/GearVRControllerMaterial.uasset" 186
"../../Plugins/Runtime/Oculus/OculusVR/Content/Meshes/GearVrController.uasset" 187
"../../Plugins/Runtime/Oculus/OculusVR/Content/Textures/touchController_albedo.uasset" 188
"../../Plugins/Runtime/Oculus/OculusVR/Content/Textures/touchController_controlmap.uasset" 189
"../../Plugins/Runtime/Oculus/OculusVR/Content/Materials/touchController_mat.uasset" 190
"../../Plugins/Runtime/Oculus/OculusVR/Content/Meshes/LeftTouchController.uasset" 191
"../../Plugins/Runtime/Oculus/OculusVR/Content/Meshes/RiftHMD.uasset" 192
"../../Plugins/Runtime/Oculus/OculusVR/Content/Meshes/RightTouchController.uasset" 193
"../../../Engine/Content/EngineSky/C_Sky_Cloud_Color.uasset" 194
"../../../Engine/Content/EngineSky/C_Sky_Horizon_Color.uasset" 195
"../../../Engine/Content/EngineSky/C_Sky_Zenith_Color.uasset" 196
"../../../Engine/Content/EngineSky/T_Sky_Blue.uasset" 197
"../../../Engine/Content/EngineSky/T_Sky_Clouds_M.uasset" 198
"../../../Engine/Content/EngineSky/T_Sky_Stars.uasset" 199
"../../../Engine/Content/EngineSky/M_Sky_Panning_Clouds2.uasset" 200
"../../../Engine/Content/EngineSky/SM_SkySphere.uasset" 201
"../../../Engine/Content/EngineSky/BP_Sky_Sphere.uasset" 202
"../../../Engine/Content/MapTemplates/Materials/BasicAsset01.uasset" 203
"../../../Engine/Content/BasicShapes/Cube.uasset" 204
"../../../Engine/Content/EditorMeshes/ColorCalibrator/M_ClearCoatBlack.uasset" 205
"../../../../../Unreal Projects/FlappyBird/Content/Blueprints/UI/LostGame.uasset" 206
"../../../../../Unreal Projects/FlappyBird/Content/Blueprints/Character/Bird.uasset" 207
"../../../../../Unreal Projects/FlappyBird/Content/Blueprints/UI/Score.uasset" 208
"../../../../../Unreal Projects/FlappyBird/Content/Blueprints/Column.uasset" 209
"../../../../../Unreal Projects/FlappyBird/Content/Blueprints/GameMode/BirdMode.uasset" 210
"../../../../../Unreal Projects/FlappyBird/Content/Map/FlappyBird_BuiltData.uasset" 211
"../../../Engine/Content/EngineDebugMaterials/VertexColorViewMode_GreenOnly.uasset" 212
"../../../Engine/Content/MapTemplates/SM_Template_Map_Floor.uasset" 213
"../../../../../Unreal Projects/FlappyBird/Content/Map/FlappyBird.umap" 214
"../../../Engine/Content/Maps/Entry_BuiltData.uasset" 215
"../../../Engine/Content/Maps/Entry.umap" 216
