Log file open, 04/13/19 21:31:54
LogWindows: Failed to load 'aqProf.dll' (GetLastError=126)
LogWindows: File 'aqProf.dll' does not exist
LogWindows: Failed to load 'VSPerf140.dll' (GetLastError=126)
LogWindows: File 'VSPerf140.dll' does not exist
LogWindows: Failed to load 'VtuneApi.dll' (GetLastError=126)
LogWindows: File 'VtuneApi.dll' does not exist
LogWindows: Failed to load 'VtuneApi32e.dll' (GetLastError=126)
LogWindows: File 'VtuneApi32e.dll' does not exist
LogInit: Display: Running engine for game: FlappyBird
LogPlatformFile: Not using cached read wrapper
LogTaskGraph: Started task graph with 5 named threads and 20 total threads with 3 sets of task threads.
LogStats: Stats thread started at 0.231477
LogD3D11RHI: Loaded GFSDK_Aftermath_Lib.x64.dll
LogICUInternationalization: Display: ICU TimeZone Detection - Raw Offset: +8:00, Platform Override: ''
LogPluginManager: Mounting plugin Paper2D
LogPluginManager: Mounting plugin AISupport
LogPluginManager: Mounting plugin LightPropagationVolume
LogPluginManager: Mounting plugin CLionSourceCodeAccess
LogPluginManager: Mounting plugin CodeLiteSourceCodeAccess
LogPluginManager: Mounting plugin GitSourceControl
LogPluginManager: Mounting plugin KDevelopSourceCodeAccess
LogPluginManager: Mounting plugin NullSourceCodeAccess
LogPluginManager: Mounting plugin PerforceSourceControl
LogPluginManager: Mounting plugin SubversionSourceControl
LogPluginManager: Mounting plugin UObjectPlugin
LogPluginManager: Mounting plugin VisualStudioCodeSourceCodeAccess
LogPluginManager: Mounting plugin VisualStudioSourceCodeAccess
LogPluginManager: Mounting plugin XCodeSourceCodeAccess
LogPluginManager: Mounting plugin AssetManagerEditor
LogPluginManager: Mounting plugin CryptoKeys
LogPluginManager: Mounting plugin DataValidation
LogPluginManager: Mounting plugin FacialAnimation
LogPluginManager: Mounting plugin GameplayTagsEditor
LogPluginManager: Mounting plugin MacGraphicsSwitching
LogPluginManager: Mounting plugin MeshEditor
LogPluginManager: Mounting plugin MobileLauncherProfileWizard
LogPluginManager: Mounting plugin PluginBrowser
LogPluginManager: Mounting plugin SpeedTreeImporter
LogPluginManager: Mounting plugin DatasmithContent
LogPluginManager: Mounting plugin AlembicImporter
LogPluginManager: Mounting plugin AppleImageUtils
LogPluginManager: Mounting plugin AppleVision
LogPluginManager: Mounting plugin BackChannel
LogPluginManager: Mounting plugin CharacterAI
LogPluginManager: Mounting plugin GeometryCache
LogPluginManager: Mounting plugin HTML5Networking
LogPluginManager: Mounting plugin ProxyLODPlugin
LogPluginManager: Mounting plugin MagicLeap
LogPluginManager: Mounting plugin MagicLeapEmulator
LogPluginManager: Mounting plugin MagicLeapMedia
LogPluginManager: Mounting plugin AndroidMedia
LogPluginManager: Mounting plugin AvfMedia
LogPluginManager: Mounting plugin ImgMedia
LogPluginManager: Mounting plugin LinearTimecode
LogPluginManager: Mounting plugin MediaCompositing
LogPluginManager: Mounting plugin MediaPlayerEditor
LogPluginManager: Mounting plugin WmfMedia
LogPluginManager: Mounting plugin TcpMessaging
LogPluginManager: Mounting plugin UdpMessaging
LogPluginManager: Mounting plugin ActorSequence
LogPluginManager: Mounting plugin LevelSequenceEditor
LogPluginManager: Mounting plugin MatineeToLevelSequence
LogPluginManager: Mounting plugin NetcodeUnitTest
LogPluginManager: Mounting plugin NUTUnrealEngine4
LogPluginManager: Mounting plugin OnlineSubsystemGooglePlay
LogPluginManager: Mounting plugin OnlineSubsystemIOS
LogPluginManager: Mounting plugin OnlineSubsystem
LogPluginManager: Mounting plugin OnlineSubsystemNull
LogPluginManager: Mounting plugin OnlineSubsystemUtils
LogPluginManager: Mounting plugin LauncherChunkInstaller
LogPluginManager: Mounting plugin AndroidDeviceProfileSelector
LogPluginManager: Mounting plugin AndroidMoviePlayer
LogPluginManager: Mounting plugin AndroidPermission
LogPluginManager: Mounting plugin AppleMoviePlayer
LogPluginManager: Mounting plugin ArchVisCharacter
LogPluginManager: Mounting plugin AudioCapture
LogPluginManager: Mounting plugin CableComponent
LogPluginManager: Mounting plugin CustomMeshComponent
LogPluginManager: Mounting plugin EditableMesh
LogPluginManager: Mounting plugin ExampleDeviceProfileSelector
LogPluginManager: Mounting plugin GoogleCloudMessaging
LogPluginManager: Mounting plugin ImmediatePhysics
LogPluginManager: Mounting plugin IOSDeviceProfileSelector
LogPluginManager: Mounting plugin LinuxDeviceProfileSelector
LogPluginManager: Mounting plugin LocationServicesBPLibrary
LogPluginManager: Mounting plugin MobilePatchingUtils
LogPluginManager: Mounting plugin OculusVR
LogPluginManager: Plugin shader directory ../../../Engine/Plugins/Runtime/Oculus/OculusVR/Shaders found
LogPluginManager: Mapping shader source directory ../../../Engine/Plugins/Runtime/Oculus/OculusVR/Shaders to virtual directory /Plugin/OculusVR
LogPluginManager: Mounting plugin PhysXVehicles
LogPluginManager: Mounting plugin ProceduralMeshComponent
LogPluginManager: Mounting plugin RuntimePhysXCooking
LogPluginManager: Mounting plugin SteamVR
LogPluginManager: Mounting plugin WindowsMoviePlayer
LogStreaming: Display: Took  0.253s to configure plugins.
LogInit: Using libcurl 7.55.1-DEV
LogInit:  - built for x86_64-pc-win32
LogInit:  - supports SSL with OpenSSL/1.0.2h
LogInit:  - supports HTTP deflate (compression) using libz 1.2.8
LogInit:  - other features:
LogInit:      CURL_VERSION_SSL
LogInit:      CURL_VERSION_LIBZ
LogInit:      CURL_VERSION_IPV6
LogInit:      CURL_VERSION_ASYNCHDNS
LogInit:      CURL_VERSION_LARGEFILE
LogInit:      CURL_VERSION_IDN
LogInit:  CurlRequestOptions (configurable via config and command line):
LogInit:  - bVerifyPeer = false  - Libcurl will NOT verify peer certificate
LogInit:  - bUseHttpProxy = true  - Libcurl will use HTTP proxy
LogInit:  - HttpProxyAddress = '127.0.0.1:2055'
LogInit:  - bDontReuseConnections = false  - Libcurl will reuse connections
LogInit:  - CertBundlePath = nullptr  - Libcurl will use whatever was configured at build time.
LogInit:  - MaxHostConnections = 16  - Libcurl will limit the number of connections to a host
LogInit:  - LocalHostAddr = Default
LogInit:  - BufferSize = 65536
LogInit: WinSock: version 1.1 (2.2), MaxSocks=32767, MaxUdp=65467
LogInit: Build: ++UE4+Release-4.20-CL-4369336
LogInit: Engine Version: 4.20.3-4369336+++UE4+Release-4.20
LogInit: Compatible Engine Version: 4.20.0-4212847+++UE4+Release-4.20
LogInit: Net CL: 4212847
LogInit: OS: Windows 10 (), CPU: Intel(R) Core(TM) i5-8400 CPU @ 2.80GHz, GPU: NVIDIA GeForce GTX 1060 3GB
LogInit: Compiled (64-bit): Sep 17 2018 12:26:19
LogInit: Compiled with Visual C++: 19.13.26129.00
LogInit: Build Configuration: Development
LogInit: Branch Name: ++UE4+Release-4.20
LogInit: Command Line: -EpicPortal  -epicusername="LouisLiu00" -epicuserid=1e5fce73afff405ab06b806585640cd9 -epiclocale=zh-CN
LogInit: Base Directory: D:/unreal/UE_4.20/Engine/Binaries/Win64/
LogInit: Installed Engine Build: 1
LogDevObjectVersion: Number of dev versions registered: 20
LogDevObjectVersion:   Dev-Blueprints (B0D832E4-1F89-4F0D-ACCF-7EB736FD4AA2): 10
LogDevObjectVersion:   Dev-Build (E1C64328-A22C-4D53-A36C-8E866417BD8C): 0
LogDevObjectVersion:   Dev-Core (375EC13C-06E4-48FB-B500-84F0262A717E): 2
LogDevObjectVersion:   Dev-Editor (E4B068ED-F494-42E9-A231-DA0B2E46BB41): 24
LogDevObjectVersion:   Dev-Framework (CFFC743F-43B0-4480-9391-14DF171D2073): 34
LogDevObjectVersion:   Dev-Mobile (B02B49B5-BB20-44E9-A304-32B752E40360): 2
LogDevObjectVersion:   Dev-Networking (A4E4105C-59A1-49B5-A7C5-40C4547EDFEE): 0
LogDevObjectVersion:   Dev-Online (39C831C9-5AE6-47DC-9A44-9C173E1C8E7C): 0
LogDevObjectVersion:   Dev-Physics (78F01B33-EBEA-4F98-B9B4-84EACCB95AA2): 0
LogDevObjectVersion:   Dev-Platform (6631380F-2D4D-43E0-8009-CF276956A95A): 0
LogDevObjectVersion:   Dev-Rendering (12F88B9F-8875-4AFC-A67C-D90C383ABD29): 26
LogDevObjectVersion:   Dev-Sequencer (7B5AE74C-D270-4C10-A958-57980B212A5A): 9
LogDevObjectVersion:   Dev-VR (D7296918-1DD6-4BDD-9DE2-64A83CC13884): 2
LogDevObjectVersion:   Dev-LoadTimes (C2A15278-BFE7-4AFE-6C17-90FF531DF755): 1
LogDevObjectVersion:   Private-Geometry (6EACA3D4-40EC-4CC1-B786-8BED09428FC5): 3
LogDevObjectVersion:   Dev-AnimPhys (29E575DD-E0A3-4627-9D10-D276232CDCEA): 17
LogDevObjectVersion:   Dev-ReflectionCapture (6B266CEC-1EC7-4B8F-A30B-E4D90942FC07): 1
LogDevObjectVersion:   Dev-Automation (0DF73D61-A23F-47EA-B727-89E90C41499A): 1
LogDevObjectVersion:   FortniteMain (601D1886-AC64-4F84-AA16-D3DE0DEAC7D6): 12
LogDevObjectVersion:   Dev-Enterprise (9DFFBCD6-494F-0158-E221-12823C92A888): 1
LogStreaming: Display: Took  0.001s to delete old logs.
LogInit: Presizing for max 8388607 objects, including 0 objects not considered by GC, pre-allocating 0 bytes for permanent pool.
LogInit: Object subsystem initialized
[2019.04.13-13.31.54:407][  0]LogInit: Selected Device Profile: [Windows]
[2019.04.13-13.31.54:407][  0]LogInit: Applying CVar settings loaded from the selected device profile: [Windows]
[2019.04.13-13.31.54:453][  0]LogHAL: Display: Platform has ~ 16 GB [17078894592 / 17179869184 / 16], which maps to Larger [LargestMinGB=32, LargerMinGB=12, DefaultMinGB=8, SmallerMinGB=6, SmallestMinGB=0)
[2019.04.13-13.31.54:453][  0]LogInit: Setting Device Profile CVar: [[r.Vulkan.UseRealUBs:1]]
[2019.04.13-13.31.54:453][  0]LogInit: Going up to parent DeviceProfile []
[2019.04.13-13.31.54:453][  0]LogInit: Computer: DESKTOP-L9M5IHA
[2019.04.13-13.31.54:453][  0]LogInit: User: 14035
[2019.04.13-13.31.54:453][  0]LogInit: CPU Page size=4096, Cores=6
[2019.04.13-13.31.54:453][  0]LogInit: High frequency timer resolution =10.000000 MHz
[2019.04.13-13.31.54:453][  0]LogMemory: Memory total: Physical=15.9GB (16GB approx)
[2019.04.13-13.31.54:453][  0]LogMemory: Platform Memory Stats for Windows
[2019.04.13-13.31.54:453][  0]LogMemory: Process Physical Memory: 100.98 MB used, 100.98 MB peak
[2019.04.13-13.31.54:453][  0]LogMemory: Process Virtual Memory: 84.75 MB used, 84.75 MB peak
[2019.04.13-13.31.54:453][  0]LogMemory: Physical Memory: 6644.50 MB used,  9643.20 MB free, 16287.70 MB total
[2019.04.13-13.31.54:453][  0]LogMemory: Virtual Memory: 4632.47 MB used,  9643.20 MB free, 134217728.00 MB total
[2019.04.13-13.31.54:469][  0]LogInit: Using OS detected language (zh-CN).
[2019.04.13-13.31.54:469][  0]LogInit: Using OS detected locale (zh-CN).
[2019.04.13-13.31.54:793][  0]LogStreaming: Display: Took  0.325s to InitEngineTextLocalization.
[2019.04.13-13.31.54:793][  0]LogInit: Setting process to per monitor DPI aware
[2019.04.13-13.31.54:817][  0]LogSlate: New Slate User Created.  User Index 0, Is Virtual User: 0
[2019.04.13-13.31.54:817][  0]LogSlate: Slate User Registered.  User Index 0, Is Virtual User: 0
[2019.04.13-13.31.55:074][  0]LogHMD: Failed to initialize OpenVR with code 110
[2019.04.13-13.31.55:074][  0]LogD3D11RHI: D3D11 adapters:
[2019.04.13-13.31.55:128][  0]LogD3D11RHI:    0. 'NVIDIA GeForce GTX 1060 3GB' (Feature Level 11_0)
[2019.04.13-13.31.55:128][  0]LogD3D11RHI:       2988/0/8143 MB DedicatedVideo/DedicatedSystem/SharedSystem, Outputs:1, VendorId:0x10de
[2019.04.13-13.31.55:130][  0]LogD3D11RHI:    1. 'Microsoft Basic Render Driver' (Feature Level 11_0)
[2019.04.13-13.31.55:130][  0]LogD3D11RHI:       0/0/8143 MB DedicatedVideo/DedicatedSystem/SharedSystem, Outputs:0, VendorId:0x1414
[2019.04.13-13.31.55:130][  0]LogD3D11RHI: Chosen D3D11 Adapter: 0
[2019.04.13-13.31.55:135][  0]LogD3D11RHI: Creating new Direct3DDevice
[2019.04.13-13.31.55:136][  0]LogD3D11RHI:     GPU DeviceId: 0x1c02 (for the marketing name, search the web for "GPU Device Id")
[2019.04.13-13.31.55:136][  0]LogWindows: EnumDisplayDevices:
[2019.04.13-13.31.55:136][  0]LogWindows:    0. 'NVIDIA GeForce GTX 1060 3GB' (P:1 D:1)
[2019.04.13-13.31.55:136][  0]LogWindows:    1. 'NVIDIA GeForce GTX 1060 3GB' (P:0 D:0)
[2019.04.13-13.31.55:136][  0]LogWindows:    2. 'NVIDIA GeForce GTX 1060 3GB' (P:0 D:0)
[2019.04.13-13.31.55:136][  0]LogWindows:    3. 'NVIDIA GeForce GTX 1060 3GB' (P:0 D:0)
[2019.04.13-13.31.55:136][  0]LogWindows: DebugString: FoundDriverCount:4 
[2019.04.13-13.31.55:137][  0]LogD3D11RHI:     Adapter Name: NVIDIA GeForce GTX 1060 3GB
[2019.04.13-13.31.55:137][  0]LogD3D11RHI:   Driver Version: 398.36 (internal:24.21.13.9836, unified:398.36)
[2019.04.13-13.31.55:137][  0]LogD3D11RHI:      Driver Date: 6-24-2018
[2019.04.13-13.31.55:137][  0]LogRHI: Texture pool is 2091 MB (70% of 2988 MB)
[2019.04.13-13.31.55:169][  0]LogD3D11RHI: Async texture creation enabled
[2019.04.13-13.31.55:198][  0]LogD3D11RHI: GPU Timing Frequency: 1000.000000 (Debug: 2 2)
[2019.04.13-13.31.55:248][  0]LogShaderCompilers: Guid format shader working directory is 5 characters bigger than the processId version (../../../../../Unreal Projects/FlappyBird/Intermediate/Shaders/WorkingDirectory/7988/).
[2019.04.13-13.31.55:248][  0]LogShaderCompilers: Cleaned the shader compiler working directory 'C:/Users/14035/AppData/Local/Temp/UnrealShaderWorkingDir/596C86834D34A397D71951B823266D80/'.
[2019.04.13-13.31.55:473][  0]LogTemp: Display: Loaded TP AllDesktopTargetPlatform
[2019.04.13-13.31.55:484][  0]LogTemp: Display: Loaded TP MacClientTargetPlatform
[2019.04.13-13.31.55:494][  0]LogTemp: Display: Loaded TP MacNoEditorTargetPlatform
[2019.04.13-13.31.55:505][  0]LogTemp: Display: Loaded TP MacServerTargetPlatform
[2019.04.13-13.31.55:516][  0]LogTemp: Display: Loaded TP MacTargetPlatform
[2019.04.13-13.31.55:526][  0]LogTemp: Display: Loaded TP WindowsClientTargetPlatform
[2019.04.13-13.31.55:537][  0]LogTemp: Display: Loaded TP WindowsNoEditorTargetPlatform
[2019.04.13-13.31.55:548][  0]LogTemp: Display: Loaded TP WindowsServerTargetPlatform
[2019.04.13-13.31.55:552][  0]LogTemp: Display: Loaded TP WindowsTargetPlatform
[2019.04.13-13.31.55:617][  0]LogTemp: Display: Loaded TP AndroidTargetPlatform
[2019.04.13-13.31.55:617][  0]LogTemp: Display: Loaded TP AndroidTargetPlatform
[2019.04.13-13.31.55:617][  0]LogTemp: Display: Loaded TP AndroidTargetPlatform
[2019.04.13-13.31.55:617][  0]LogTemp: Display: Loaded TP AndroidTargetPlatform
[2019.04.13-13.31.55:617][  0]LogTemp: Display: Loaded TP AndroidTargetPlatform
[2019.04.13-13.31.55:617][  0]LogTemp: Display: Loaded TP AndroidTargetPlatform
[2019.04.13-13.31.55:617][  0]LogTemp: Display: Loaded TP AndroidTargetPlatform
[2019.04.13-13.31.55:617][  0]LogTemp: Display: Loaded TP AndroidTargetPlatform
[2019.04.13-13.31.55:617][  0]LogTemp: Display: Loaded TP AndroidTargetPlatform
[2019.04.13-13.31.55:617][  0]LogTemp: Display: Loaded TP AndroidTargetPlatform
[2019.04.13-13.31.55:617][  0]LogTemp: Display: Loaded TP AndroidTargetPlatform
[2019.04.13-13.31.55:617][  0]LogTemp: Display: Loaded TP AndroidTargetPlatform
[2019.04.13-13.31.55:617][  0]LogTemp: Display: Loaded TP AndroidTargetPlatform
[2019.04.13-13.31.55:617][  0]LogTemp: Display: Loaded TP AndroidTargetPlatform
[2019.04.13-13.31.55:617][  0]LogTemp: Display: Loaded TP AndroidTargetPlatform
[2019.04.13-13.31.55:617][  0]LogTemp: Display: Loaded TP AndroidTargetPlatform
[2019.04.13-13.31.55:617][  0]LogTemp: Display: Loaded TP AndroidTargetPlatform
[2019.04.13-13.31.55:617][  0]LogTemp: Display: Loaded TP AndroidTargetPlatform
[2019.04.13-13.31.55:618][  0]LogTemp: Display: Loaded TP HTML5TargetPlatform
[2019.04.13-13.31.55:673][  0]LogTemp: Display: Loaded TP IOSTargetPlatform
[2019.04.13-13.31.55:673][  0]LogTemp: Display: Loaded TP IOSTargetPlatform
[2019.04.13-13.31.55:693][  0]LogTemp: Display: Loaded TP TVOSTargetPlatform
[2019.04.13-13.31.55:693][  0]LogTemp: Display: Loaded TP TVOSTargetPlatform
[2019.04.13-13.31.55:704][  0]LogTemp: Display: Loaded TP LinuxClientTargetPlatform
[2019.04.13-13.31.55:714][  0]LogTemp: Display: Loaded TP LinuxNoEditorTargetPlatform
[2019.04.13-13.31.55:725][  0]LogTemp: Display: Loaded TP LinuxServerTargetPlatform
[2019.04.13-13.31.55:736][  0]LogTemp: Display: Loaded TP LinuxTargetPlatform
[2019.04.13-13.31.55:743][  0]LogTemp: Display: Loaded TP LuminTargetPlatform
[2019.04.13-13.31.55:743][  0]LogTargetPlatformManager: Display: Building Assets For Windows
[2019.04.13-13.31.55:781][  0]LogXGEController: Cannot use XGE Controller as Incredibuild is not installed on this machine.
[2019.04.13-13.31.55:781][  0]LogShaderCompilers: Cannot use XGE Shader Compiler as Incredibuild is not installed on this machine.
[2019.04.13-13.31.55:781][  0]LogShaderCompilers: Display: Using Local Shader Compiler.
[2019.04.13-13.31.56:414][  0]LogDerivedDataCache: Display: Max Cache Size: 512 MB
[2019.04.13-13.31.56:459][  0]LogDerivedDataCache: Loaded boot cache 0.04s 72MB C:/Users/14035/AppData/Local/UnrealEngine/4.20/DerivedDataCache/Boot.ddc.
[2019.04.13-13.31.56:459][  0]LogDerivedDataCache: Display: Loaded Boot cache: C:/Users/14035/AppData/Local/UnrealEngine/4.20/DerivedDataCache/Boot.ddc
[2019.04.13-13.31.56:459][  0]LogDerivedDataCache: FDerivedDataBackendGraph:  Pak pak cache file ../../../../../Unreal Projects/FlappyBird/DerivedDataCache/DDC.ddp not found, will not use a pak cache.
[2019.04.13-13.31.56:459][  0]LogDerivedDataCache: Unable to find inner node Pak for hierarchical cache Hierarchy.
[2019.04.13-13.31.56:459][  0]LogDerivedDataCache: FDerivedDataBackendGraph:  CompressedPak pak cache file ../../../../../Unreal Projects/FlappyBird/DerivedDataCache/Compressed.ddp not found, will not use a pak cache.
[2019.04.13-13.31.56:459][  0]LogDerivedDataCache: Unable to find inner node CompressedPak for hierarchical cache Hierarchy.
[2019.04.13-13.31.56:472][  0]LogDerivedDataCache: Display: Pak cache opened for reading ../../../Engine/DerivedDataCache/Compressed.ddp.
[2019.04.13-13.31.56:484][  0]LogDerivedDataCache: Using Local data cache path D:/UnrealDerivedDataCache: Writable
[2019.04.13-13.31.56:484][  0]LogDerivedDataCache: Shared data cache path not found in *engine.ini, will not use an Shared cache.
[2019.04.13-13.31.56:484][  0]LogDerivedDataCache: Unable to find inner node Shared for hierarchical cache Hierarchy.
[2019.04.13-13.31.56:499][  0]LogMaterial: Verifying Global Shaders for PCD3D_SM5
[2019.04.13-13.31.56:500][  0]LogSlate: Using FreeType 2.6.0
[2019.04.13-13.31.56:501][  0]LogSlate: SlateFontServices - WITH_FREETYPE: 1, WITH_HARFBUZZ: 1
[2019.04.13-13.31.56:573][  0]LogAssetRegistry: FAssetRegistry took 0.0252 seconds to start up
[2019.04.13-13.31.56:829][  0]LogInit: Selected Device Profile: [Windows]
[2019.04.13-13.31.56:937][  0]LogSimplygon: Simplygon DLL not present - disabling.
[2019.04.13-13.31.56:939][  0]LogMeshReduction: Using SimplygonSwarm for distributed automatic mesh merging
[2019.04.13-13.31.56:939][  0]LogMeshReduction: Using ProxyLODMeshReduction for automatic mesh merging
[2019.04.13-13.31.56:939][  0]LogMeshReduction: Using QuadricMeshReduction for automatic static mesh reduction
[2019.04.13-13.31.56:939][  0]LogMeshReduction: No automatic skeletal mesh reduction module available
[2019.04.13-13.31.56:954][  0]LogNetVersion: FlappyBird 1.0.0, NetCL: 4212847, EngineNetVer: 5, GameNetVer: 0 (Checksum: 1458806814)
[2019.04.13-13.31.57:520][  0]LogPackageLocalizationCache: Processed 11 localized package path(s) for 4 prioritized culture(s) in 0.224272 seconds
[2019.04.13-13.31.57:525][  0]LogUObjectArray: 38426 objects as part of root set at end of initial load.
[2019.04.13-13.31.57:525][  0]LogUObjectAllocator: 6691088 out of 0 bytes used by permanent object pool.
[2019.04.13-13.31.57:525][  0]LogUObjectArray: CloseDisregardForGC: 0/0 objects in disregard for GC pool
[2019.04.13-13.31.58:305][  0]LogTcpMessaging: Initializing TcpMessaging bridge
[2019.04.13-13.31.58:317][  0]LogUdpMessaging: Initializing bridge on interface 0.0.0.0:0 to multicast group 230.0.0.1:6666.
[2019.04.13-13.31.58:453][  0]SourceControl: 源码管理已禁用
[2019.04.13-13.31.58:453][  0]SourceControl: 源码管理已禁用
[2019.04.13-13.31.58:454][  0]SourceControl: 源码管理已禁用
[2019.04.13-13.31.58:455][  0]SourceControl: 源码管理已禁用
[2019.04.13-13.31.58:602][  0]LogAndroidPermission: UAndroidPermissionCallbackProxy::GetInstance
[2019.04.13-13.31.58:673][  0]LogOcInput: OculusInput pre-init called
[2019.04.13-13.31.58:722][  0]LogEngine: Initializing Engine...
[2019.04.13-13.31.58:723][  0]LogHMD: Failed to initialize OpenVR with code 110
[2019.04.13-13.31.58:724][  0]LogStats: UGameplayTagsManager::ConstructGameplayTagTree: ImportINI prefixes -  0.000 s
[2019.04.13-13.31.58:724][  0]LogStats: UGameplayTagsManager::ConstructGameplayTagTree: Construct from data asset -  0.000 s
[2019.04.13-13.31.58:724][  0]LogStats: UGameplayTagsManager::ConstructGameplayTagTree: ImportINI -  0.000 s
[2019.04.13-13.31.58:724][  0]LogStats: UGameplayTagsManager::ConstructGameplayTagTree: GameplayTagTreeChangedEvent.Broadcast -  0.000 s
[2019.04.13-13.31.58:897][  0]LogInit: Initializing FReadOnlyCVARCache
[2019.04.13-13.31.58:905][  0]LogAIModule: Creating AISystem for world Untitled
[2019.04.13-13.31.58:919][  0]LogInit: XAudio2 using '扬声器 (Realtek High Definition Audio)' : 2 channels at 48 kHz using 32 bits per sample (channel mask 0x3)
[2019.04.13-13.31.58:980][  0]LogInit: FAudioDevice initialized.
[2019.04.13-13.31.58:980][  0]LogNetVersion: Set ProjectVersion to 1.0.0.0. Version Checksum will be recalculated on next use.
[2019.04.13-13.31.59:094][  0]LogDerivedDataCache: Saved boot cache 0.11s 71MB C:/Users/14035/AppData/Local/UnrealEngine/4.20/DerivedDataCache/Boot.ddc.
[2019.04.13-13.31.59:103][  0]LogInit: Texture streaming: Enabled
[2019.04.13-13.31.59:114][  0]LogEngineSessionManager: EngineSessionManager initialized
[2019.04.13-13.31.59:127][  0]LogInit: Transaction tracking system initialized
[2019.04.13-13.31.59:140][  0]BlueprintLog: New page: 编辑器加载
[2019.04.13-13.31.59:186][  0]LocalizationService: 本地化服务已禁用
[2019.04.13-13.31.59:338][  0]LogLinker: Warning: 无法找到文件 '/Game/ThirdPersonBP/ThirdPersonOverview'
[2019.04.13-13.31.59:338][  0]LogLinker: Warning: 无法找到文件 '/Game/ThirdPersonBP/ThirdPersonOverview'
[2019.04.13-13.31.59:338][  0]LogUObjectGlobals: Warning: 寻找对象 'Class /Game/ThirdPersonBP/ThirdPersonOverview.ThirdPersonOverview_C’ 失败
[2019.04.13-13.31.59:516][  0]LogCook: Display: Max memory allowance for cook 16384mb min free memory 0mb
[2019.04.13-13.31.59:516][  0]LogCook: Display: Mobile HDR setting 1
[2019.04.13-13.31.59:516][  0]LogGameplayTags: Display: UGameplayTagsManager::DoneAddingNativeTags. DelegateIsBound: 0
[2019.04.13-13.31.59:516][  0]LogStats: UGameplayTagsManager::ConstructGameplayTagTree: ImportINI prefixes -  0.000 s
[2019.04.13-13.31.59:516][  0]LogStats: UGameplayTagsManager::ConstructGameplayTagTree: Construct from data asset -  0.000 s
[2019.04.13-13.31.59:516][  0]LogStats: UGameplayTagsManager::ConstructGameplayTagTree: ImportINI -  0.000 s
[2019.04.13-13.31.59:516][  0]LogStats: UGameplayTagsManager::ConstructGameplayTagTree: GameplayTagTreeChangedEvent.Broadcast -  0.000 s
[2019.04.13-13.31.59:534][  0]LogFileCache: Scanning file cache for directory 'D:/Unreal Projects/FlappyBird/Content/' took 0.01s
[2019.04.13-13.31.59:601][  0]SourceControl: 源码管理已禁用
[2019.04.13-13.31.59:601][  0]Cmd: MAP LOAD FILE="../../../../../Unreal Projects/FlappyBird/Content/Map/FlappyBird.umap" TEMPLATE=0 SHOWPROGRESS=1 FEATURELEVEL=3
[2019.04.13-13.31.59:601][  0]LightingResults: New page: 光照构建
[2019.04.13-13.31.59:603][  0]MapCheck: New page: 地图检测
[2019.04.13-13.31.59:603][  0]LightingResults: New page: 光照构建
[2019.04.13-13.32.00:038][  0]LogTexture: Display: 正在编译纹理：LQ_Lightmap_0_1（DXT1、256X256）
[2019.04.13-13.32.00:038][  0]LogTexture: Display: 正在编译纹理：LQ_Lightmap_0_2（DXT1、64X64）
[2019.04.13-13.32.00:038][  0]LogTexture: Display: 正在编译纹理：HQ_Lightmap0_1（AutoDXT、256X256）
[2019.04.13-13.32.00:038][  0]LogTexture: Display: 正在编译纹理：HQ_Lightmap0_2（AutoDXT、64X64）
[2019.04.13-13.32.00:038][  0]LogTexture: Display: 正在编译纹理：ShadowMapTexture2D_3（G8、32X32）
[2019.04.13-13.32.00:038][  0]LogTexture: Display: 正在编译纹理：ShadowMapTexture2D_2（G8、128X128）
[2019.04.13-13.32.00:099][  0]LogAIModule: Creating AISystem for world FlappyBird
[2019.04.13-13.32.00:103][  0]LogEditorServer: Finished looking for orphan Actors (0.000 secs)
[2019.04.13-13.32.00:125][  0]Cmd: MAP CHECKDEP NOCLEARLOG
[2019.04.13-13.32.00:186][  0]MapCheck: 地图检测完成：0个错误，0 个警告，用时60.383毫秒完成。
[2019.04.13-13.32.00:186][  0]LogFileHelpers: Loading map 'FlappyBird' took 0.584
[2019.04.13-13.32.00:273][  0]LogSlate: Updating window title bar state: overlay mode, drag disabled, window buttons hidden, title bar hidden
[2019.04.13-13.32.00:280][  0]LogSlate: Updating window title bar state: overlay mode, drag disabled, window buttons hidden, title bar hidden
[2019.04.13-13.32.00:286][  0]LogSlate: Updating window title bar state: overlay mode, drag disabled, window buttons hidden, title bar hidden
[2019.04.13-13.32.00:292][  0]LogSlate: Updating window title bar state: overlay mode, drag disabled, window buttons hidden, title bar hidden
[2019.04.13-13.32.00:296][  0]LogCollectionManager: Loaded 0 collections in 0.000999 seconds
[2019.04.13-13.32.00:338][  0]LogFileCache: Scanning file cache for directory 'D:/Unreal Projects/FlappyBird/Saved/Collections/' took 0.01s
[2019.04.13-13.32.00:338][  0]LogFileCache: Scanning file cache for directory 'D:/Unreal Projects/FlappyBird/Content/Developers/14035/Collections/' took 0.01s
[2019.04.13-13.32.00:338][  0]LogFileCache: Scanning file cache for directory 'D:/Unreal Projects/FlappyBird/Content/Collections/' took 0.01s
[2019.04.13-13.32.00:338][  0]LogCollectionManager: Rebuilt the GUID cache for 0 collections in 0.000000 seconds
[2019.04.13-13.32.00:345][  0]LogContentBrowser: Native class hierarchy populated in 0.0076 seconds. Added 2572 classes and 603 folders.
[2019.04.13-13.32.00:349][  0]LogContentBrowser: Native class hierarchy updated for 'WidgetCarousel' in 0.0002 seconds. Added 0 classes and 0 folders.
[2019.04.13-13.32.00:409][  0]LogContentBrowser: Native class hierarchy updated for 'AddContentDialog' in 0.0002 seconds. Added 0 classes and 0 folders.
[2019.04.13-13.32.00:412][  0]LogContentBrowser: Native class hierarchy updated for 'SceneOutliner' in 0.0003 seconds. Added 1 classes and 2 folders.
[2019.04.13-13.32.00:492][  0]LogContentBrowser: Native class hierarchy updated for 'HierarchicalLODOutliner' in 0.0002 seconds. Added 0 classes and 0 folders.
[2019.04.13-13.32.00:492][  0]LogLoad: (Engine Initialization) Total time: 8.51 seconds
[2019.04.13-13.32.00:492][  0]LogLoad: (Engine Initialization) Total Blueprint compile time: 0.00 seconds
[2019.04.13-13.32.00:525][  0]LogAssetRegistry: Asset discovery search completed in 3.9745 seconds
[2019.04.13-13.32.00:527][  0]LogCollectionManager: Rebuilt the object cache for 0 collections in 0.000001 seconds (found 0 objects)
[2019.04.13-13.32.00:527][  0]LogCollectionManager: Fixed up redirectors for 0 collections in 0.000041 seconds (updated 0 objects)
[2019.04.13-13.32.00:528][  0]LogContentStreaming: Texture pool size now 1000 MB
[2019.04.13-13.32.00:535][  0]LogSlate: Took 0.000191 seconds to synchronously load lazily loaded font '../../../Engine/Content/Slate/Fonts/Roboto-Regular.ttf' (155K)
[2019.04.13-13.32.00:537][  0]LogSlate: Took 0.001527 seconds to synchronously load lazily loaded font '../../../Engine/Content/Slate/Fonts/DroidSansFallback.ttf' (3848K)
[2019.04.13-13.32.00:538][  0]LogSlate: Took 0.000185 seconds to synchronously load lazily loaded font '../../../Engine/Content/Slate/Fonts/Roboto-Bold.ttf' (160K)
[2019.04.13-13.32.00:540][  0]LogSlate: Took 0.000154 seconds to synchronously load lazily loaded font '../../../Engine/Content/Editor/Slate/Fonts/FontAwesome.ttf' (139K)
[2019.04.13-13.32.00:643][  1]LogRenderer: Reallocating scene render targets to support 768x360 Format 10 NumSamples 1 (Frame:1).
[2019.04.13-13.32.03:574][ 46]LogSlate: FSceneViewport::OnFocusLost() reason 0
[2019.04.13-13.32.03:725][ 59]LogRenderer: Reallocating scene render targets to support 1156x576 Format 10 NumSamples 1 (Frame:39).
[2019.04.13-13.32.05:428][262]LogTemp: Repeating last play command: 选中的视口
[2019.04.13-13.32.05:442][262]LogBlueprintUserMessages: Early PlayInEditor Detection: Level '/Game/Map/FlappyBird.FlappyBird:PersistentLevel' has LevelScriptBlueprint '/Game/Map/FlappyBird.FlappyBird:PersistentLevel.FlappyBird' with GeneratedClass '/Game/Map/FlappyBird.FlappyBird_C' with ClassGeneratedBy '/Game/Map/FlappyBird.FlappyBird:PersistentLevel.FlappyBird'
[2019.04.13-13.32.05:442][262]LogPlayLevel: PlayLevel: No blueprints needed recompiling
[2019.04.13-13.32.05:454][262]PIE: New page: PIE会话: FlappyBird (2019年4月14日 上午5:32:05)
[2019.04.13-13.32.05:454][262]LogPlayLevel: Creating play world package: /Game/Map/UEDPIE_0_FlappyBird
[2019.04.13-13.32.05:458][262]LogPlayLevel: PIE: StaticDuplicateObject took: (0.003229s)
[2019.04.13-13.32.05:458][262]LogAIModule: Creating AISystem for world FlappyBird
[2019.04.13-13.32.05:458][262]LogPlayLevel: PIE: World Init took: (0.000637s)
[2019.04.13-13.32.05:458][262]LogPlayLevel: PIE: Created PIE world by copying editor world from /Game/Map/FlappyBird.FlappyBird to /Game/Map/UEDPIE_0_FlappyBird.FlappyBird (0.003985s)
[2019.04.13-13.32.05:486][262]LogInit: XAudio2 using '扬声器 (Realtek High Definition Audio)' : 2 channels at 48 kHz using 32 bits per sample (channel mask 0x3)
[2019.04.13-13.32.05:499][262]LogInit: FAudioDevice initialized.
[2019.04.13-13.32.05:545][262]LogLoad: Game class is 'BirdMode_C'
[2019.04.13-13.32.05:546][262]LogWorld: Bringing World /Game/Map/UEDPIE_0_FlappyBird.FlappyBird up for play (max tick rate 0) at 2019.04.13-21.32.05
[2019.04.13-13.32.05:547][262]LogWorld: Bringing up level for play took: 0.000491
[2019.04.13-13.32.05:561][262]LogContentBrowser: Native class hierarchy updated for 'MovieSceneCapture' in 0.0003 seconds. Added 10 classes and 0 folders.
[2019.04.13-13.32.05:562][262]PIE: /Game/Map/UEDPIE_0_FlappyBird的‘在编辑器中播放’的起始时间-0.306
[2019.04.13-13.32.05:562][262]LogBlueprintUserMessages: Late PlayInEditor Detection: Level '/Game/Map/FlappyBird.FlappyBird:PersistentLevel' has LevelScriptBlueprint '/Game/Map/FlappyBird.FlappyBird:PersistentLevel.FlappyBird' with GeneratedClass '/Game/Map/FlappyBird.FlappyBird_C' with ClassGeneratedBy '/Game/Map/FlappyBird.FlappyBird:PersistentLevel.FlappyBird'
[2019.04.13-13.32.35:379][832]LogBlueprintUserMessages: Early EndPlayMap Detection: Level '/Game/Map/FlappyBird.FlappyBird:PersistentLevel' has LevelScriptBlueprint '/Game/Map/FlappyBird.FlappyBird:PersistentLevel.FlappyBird' with GeneratedClass '/Game/Map/FlappyBird.FlappyBird_C' with ClassGeneratedBy '/Game/Map/FlappyBird.FlappyBird:PersistentLevel.FlappyBird'
[2019.04.13-13.32.35:380][832]LogSlate: Updating window title bar state: overlay mode, drag disabled, window buttons hidden, title bar hidden
[2019.04.13-13.32.35:410][832]LogPlayLevel: Display: Shutting down PIE online subsystems
[2019.04.13-13.32.35:410][832]LogBlueprintUserMessages: Late EndPlayMap Detection: Level '/Game/Map/FlappyBird.FlappyBird:PersistentLevel' has LevelScriptBlueprint '/Game/Map/FlappyBird.FlappyBird:PersistentLevel.FlappyBird' with GeneratedClass '/Game/Map/FlappyBird.FlappyBird_C' with ClassGeneratedBy '/Game/Map/FlappyBird.FlappyBird:PersistentLevel.FlappyBird'
[2019.04.13-13.32.35:432][832]LogSlate: Updating window title bar state: overlay mode, drag disabled, window buttons hidden, title bar hidden
[2019.04.13-13.32.35:481][836]LogPlayLevel: Display: Destroying online subsystem :Context_1
[2019.04.13-13.32.41:157][281]LogSlate: FSceneViewport::OnFocusLost() reason 2
[2019.04.13-13.32.42:832][480]LogUProjectInfo: Found projects:
[2019.04.13-13.32.42:838][480]LogSlate: FSceneViewport::OnFocusLost() reason 2
[2019.04.13-13.32.46:752][947]Cmd: CLOSE_SLATE_MAINFRAME
[2019.04.13-13.32.46:834][947]LogSlate: Window '打开项目' being destroyed
[2019.04.13-13.32.46:840][947]LogSlate: Window 'FlappyBird - 虚幻编辑器' being destroyed
[2019.04.13-13.32.46:840][947]LogWindowsTextInputMethodSystem: Display: IME system now activated using TSF (微软拼音).
[2019.04.13-13.32.47:094][948]Cmd: QUIT_EDITOR
[2019.04.13-13.32.47:352][948]LogExit: Preparing to exit.
[2019.04.13-13.32.48:364][948]LogExit: Editor shut down
[2019.04.13-13.32.48:364][948]LogExit: Transaction tracking system shut down
[2019.04.13-13.32.48:861][948]LogExit: Object subsystem successfully closed.
[2019.04.13-13.32.48:877][948]LogShaderCompilers: Display: Shaders left to compile 0
[2019.04.13-13.32.48:880][948]LogD3D11RHI: Shutdown
[2019.04.13-13.32.48:880][948]LogD3D11RHI: CleanupD3DDevice
[2019.04.13-13.32.48:881][948]LogD3D11RHI: ~FD3D11DynamicRHI
[2019.04.13-13.32.48:888][948]LogModuleManager: Shutting down and abandoning module MovieSceneCapture (614)
[2019.04.13-13.32.48:888][948]LogModuleManager: Shutting down and abandoning module Voice (612)
[2019.04.13-13.32.48:888][948]LogModuleManager: Shutting down and abandoning module HierarchicalLODOutliner (610)
[2019.04.13-13.32.48:888][948]LogModuleManager: Shutting down and abandoning module SceneOutliner (608)
[2019.04.13-13.32.48:888][948]LogModuleManager: Shutting down and abandoning module AddContentDialog (606)
[2019.04.13-13.32.48:889][948]LogModuleManager: Shutting down and abandoning module WidgetCarousel (605)
[2019.04.13-13.32.48:889][948]LogModuleManager: Shutting down and abandoning module EditorWidgets (602)
[2019.04.13-13.32.48:889][948]LogModuleManager: Shutting down and abandoning module CollectionManager (600)
[2019.04.13-13.32.48:889][948]LogModuleManager: Shutting down and abandoning module StatsViewer (598)
[2019.04.13-13.32.48:889][948]LogModuleManager: Shutting down and abandoning module FoliageEdit (596)
[2019.04.13-13.32.48:889][948]LogModuleManager: Shutting down and abandoning module LandscapeEditor (594)
[2019.04.13-13.32.48:889][948]LogModuleManager: Shutting down and abandoning module MeshPaintMode (592)
[2019.04.13-13.32.48:889][948]LogModuleManager: Shutting down and abandoning module SceneDepthPickerMode (590)
[2019.04.13-13.32.48:889][948]LogModuleManager: Shutting down and abandoning module ActorPickerMode (588)
[2019.04.13-13.32.48:889][948]LogModuleManager: Shutting down and abandoning module GeometryMode (586)
[2019.04.13-13.32.48:889][948]LogModuleManager: Shutting down and abandoning module TextureAlignMode (584)
[2019.04.13-13.32.48:889][948]LogModuleManager: Shutting down and abandoning module BspMode (582)
[2019.04.13-13.32.48:889][948]LogModuleManager: Shutting down and abandoning module PIEPreviewDeviceProfileSelector (580)
[2019.04.13-13.32.48:889][948]LogModuleManager: Shutting down and abandoning module SequenceRecorderSections (578)
[2019.04.13-13.32.48:889][948]LogModuleManager: Shutting down and abandoning module AutomationWorker (576)
[2019.04.13-13.32.48:889][948]LogModuleManager: Shutting down and abandoning module AudioCaptureEditor (574)
[2019.04.13-13.32.48:889][948]LogModuleManager: Shutting down and abandoning module SequenceRecorder (573)
[2019.04.13-13.32.48:889][948]LogModuleManager: Shutting down and abandoning module MatineeToLevelSequence (570)
[2019.04.13-13.32.48:889][948]LogModuleManager: Shutting down and abandoning module LevelSequenceEditor (568)
[2019.04.13-13.32.48:889][948]LogModuleManager: Shutting down and abandoning module PlacementMode (567)
[2019.04.13-13.32.48:889][948]LogModuleManager: Shutting down and abandoning module MaterialEditor (566)
[2019.04.13-13.32.48:889][948]LogModuleManager: Shutting down and abandoning module WmfMediaFactory (562)
[2019.04.13-13.32.48:889][948]LogModuleManager: Shutting down and abandoning module WmfMediaEditor (560)
[2019.04.13-13.32.48:889][948]LogModuleManager: Shutting down and abandoning module MediaPlayerEditor (558)
[2019.04.13-13.32.48:889][948]LogModuleManager: Shutting down and abandoning module OpenExrWrapper (556)
[2019.04.13-13.32.48:889][948]LogModuleManager: Shutting down and abandoning module ImgMediaFactory (554)
[2019.04.13-13.32.48:890][948]LogModuleManager: Shutting down and abandoning module ImgMediaEditor (552)
[2019.04.13-13.32.48:890][948]LogModuleManager: Shutting down and abandoning module AvfMediaFactory (550)
[2019.04.13-13.32.48:890][948]LogModuleManager: Shutting down and abandoning module AvfMediaEditor (548)
[2019.04.13-13.32.48:890][948]LogModuleManager: Shutting down and abandoning module AndroidMediaFactory (546)
[2019.04.13-13.32.48:890][948]LogModuleManager: Shutting down and abandoning module AndroidMediaEditor (544)
[2019.04.13-13.32.48:890][948]LogModuleManager: Shutting down and abandoning module MagicLeapCameraPreviewFactory (542)
[2019.04.13-13.32.48:890][948]LogModuleManager: Shutting down and abandoning module MagicLeapMediaFactory (540)
[2019.04.13-13.32.48:890][948]LogModuleManager: Shutting down and abandoning module MagicLeapMediaEditor (538)
[2019.04.13-13.32.48:890][948]LogModuleManager: Shutting down and abandoning module CharacterAI (536)
[2019.04.13-13.32.48:890][948]LogModuleManager: Shutting down and abandoning module SmartSnapping (534)
[2019.04.13-13.32.48:890][948]LogModuleManager: Shutting down and abandoning module SessionServices (532)
[2019.04.13-13.32.48:890][948]LogModuleManager: Shutting down and abandoning module ViewportSnapping (530)
[2019.04.13-13.32.48:890][948]LogModuleManager: Shutting down and abandoning module ViewportInteraction (528)
[2019.04.13-13.32.48:890][948]LogModuleManager: Shutting down and abandoning module ClothPainter (526)
[2019.04.13-13.32.48:890][948]LogModuleManager: Shutting down and abandoning module SkeletalMeshEditor (525)
[2019.04.13-13.32.48:890][948]LogModuleManager: Shutting down and abandoning module LogVisualizer (522)
[2019.04.13-13.32.48:890][948]LogModuleManager: Shutting down and abandoning module IntroTutorials (520)
[2019.04.13-13.32.48:890][948]LogModuleManager: Shutting down and abandoning module GameProjectGeneration (519)
[2019.04.13-13.32.48:890][948]LogModuleManager: Shutting down and abandoning module LuminPlatformEditor (516)
[2019.04.13-13.32.48:890][948]LogModuleManager: Shutting down and abandoning module IOSPlatformEditor (514)
[2019.04.13-13.32.48:890][948]LogModuleManager: Shutting down and abandoning module HTML5PlatformEditor (512)
[2019.04.13-13.32.48:890][948]LogModuleManager: Shutting down and abandoning module AndroidPlatformEditor (510)
[2019.04.13-13.32.48:890][948]LogModuleManager: Shutting down and abandoning module AndroidDeviceDetection (509)
[2019.04.13-13.32.49:246][948]LogModuleManager: Shutting down and abandoning module WindowsPlatformEditor (506)
[2019.04.13-13.32.49:246][948]LogModuleManager: Shutting down and abandoning module LuminRuntimeSettings (504)
[2019.04.13-13.32.49:246][948]LogModuleManager: Shutting down and abandoning module IOSRuntimeSettings (502)
[2019.04.13-13.32.49:246][948]LogModuleManager: Shutting down and abandoning module AndroidRuntimeSettings (500)
[2019.04.13-13.32.49:246][948]LogModuleManager: Shutting down and abandoning module InputBindingEditor (498)
[2019.04.13-13.32.49:246][948]LogModuleManager: Shutting down and abandoning module MergeActors (496)
[2019.04.13-13.32.49:246][948]LogModuleManager: Shutting down and abandoning module LocalizationDashboard (494)
[2019.04.13-13.32.49:246][948]LogModuleManager: Shutting down and abandoning module LocalizationService (493)
[2019.04.13-13.32.49:246][948]LogModuleManager: Shutting down and abandoning module HardwareTargeting (490)
[2019.04.13-13.32.49:246][948]LogModuleManager: Shutting down and abandoning module DeviceProfileEditor (488)
[2019.04.13-13.32.49:246][948]LogModuleManager: Shutting down and abandoning module UndoHistory (486)
[2019.04.13-13.32.49:246][948]LogModuleManager: Shutting down and abandoning module XmlParser (484)
[2019.04.13-13.32.49:246][948]LogModuleManager: Shutting down and abandoning module Blutility (482)
[2019.04.13-13.32.49:247][948]LogModuleManager: Shutting down and abandoning module ProjectSettingsViewer (480)
[2019.04.13-13.32.49:247][948]LogModuleManager: Shutting down and abandoning module ProjectTargetPlatformEditor (479)
[2019.04.13-13.32.49:247][948]LogModuleManager: Shutting down and abandoning module EditorSettingsViewer (476)
[2019.04.13-13.32.49:247][948]LogModuleManager: Shutting down and abandoning module SettingsEditor (474)
[2019.04.13-13.32.49:247][948]LogModuleManager: Shutting down and abandoning module ProjectLauncher (472)
[2019.04.13-13.32.49:247][948]LogModuleManager: Shutting down and abandoning module SessionFrontend (470)
[2019.04.13-13.32.49:247][948]LogModuleManager: Shutting down and abandoning module ProfilerClient (468)
[2019.04.13-13.32.49:247][948]LogModuleManager: Shutting down and abandoning module DeviceManager (466)
[2019.04.13-13.32.49:247][948]LogModuleManager: Shutting down and abandoning module TargetDeviceServices (465)
[2019.04.13-13.32.49:302][948]LogModuleManager: Shutting down and abandoning module AutomationController (462)
[2019.04.13-13.32.49:302][948]LogModuleManager: Shutting down and abandoning module AutomationWindow (460)
[2019.04.13-13.32.49:302][948]LogModuleManager: Shutting down and abandoning module Layers (458)
[2019.04.13-13.32.49:302][948]LogModuleManager: Shutting down and abandoning module ComponentVisualizers (456)
[2019.04.13-13.32.49:302][948]LogModuleManager: Shutting down and abandoning module DetailCustomizations (454)
[2019.04.13-13.32.49:302][948]LogModuleManager: Shutting down and abandoning module PackagesDialog (452)
[2019.04.13-13.32.49:302][948]LogModuleManager: Shutting down and abandoning module Persona (450)
[2019.04.13-13.32.49:302][948]LogModuleManager: Shutting down and abandoning module AdvancedPreviewScene (449)
[2019.04.13-13.32.49:302][948]LogModuleManager: Shutting down and abandoning module AnimGraph (447)
[2019.04.13-13.32.49:302][948]LogModuleManager: Shutting down and abandoning module Kismet (444)
[2019.04.13-13.32.49:302][948]LogModuleManager: Shutting down and abandoning module GraphEditor (442)
[2019.04.13-13.32.49:302][948]LogModuleManager: Shutting down and abandoning module ClassViewer (440)
[2019.04.13-13.32.49:302][948]LogModuleManager: Shutting down and abandoning module Toolbox (438)
[2019.04.13-13.32.49:302][948]LogModuleManager: Shutting down and abandoning module ModuleUI (436)
[2019.04.13-13.32.49:302][948]LogModuleManager: Shutting down and abandoning module MovieSceneTools (434)
[2019.04.13-13.32.49:302][948]LogModuleManager: Shutting down and abandoning module OutputLog (432)
[2019.04.13-13.32.49:302][948]LogModuleManager: Shutting down and abandoning module GammaUI (430)
[2019.04.13-13.32.49:302][948]LogModuleManager: Shutting down and abandoning module Documentation (428)
[2019.04.13-13.32.49:302][948]LogModuleManager: Shutting down and abandoning module MovieSceneTracks (426)
[2019.04.13-13.32.49:302][948]LogModuleManager: Shutting down and abandoning module MovieScene (424)
[2019.04.13-13.32.49:302][948]LogModuleManager: Shutting down and abandoning module StreamingPauseRendering (422)
[2019.04.13-13.32.49:302][948]LogModuleManager: Shutting down and abandoning module LauncherPlatform (420)
[2019.04.13-13.32.49:302][948]LogModuleManager: Shutting down and abandoning module AnalyticsET (418)
[2019.04.13-13.32.49:302][948]LogModuleManager: Shutting down and abandoning module PortalServices (416)
[2019.04.13-13.32.49:302][948]LogModuleManager: Shutting down and abandoning module PortalRpc (414)
[2019.04.13-13.32.49:302][948]LogModuleManager: Shutting down and abandoning module MessagingRpc (412)
[2019.04.13-13.32.49:303][948]LogModuleManager: Shutting down and abandoning module AIModule (410)
[2019.04.13-13.32.49:303][948]LogModuleManager: Shutting down and abandoning module GameplayDebugger (409)
[2019.04.13-13.32.49:303][948]LogModuleManager: Shutting down and abandoning module AITestSuite (407)
[2019.04.13-13.32.49:303][948]LogModuleManager: Shutting down and abandoning module NavigationSystem (405)
[2019.04.13-13.32.49:303][948]LogModuleManager: Shutting down and abandoning module DesktopPlatform (402)
[2019.04.13-13.32.49:303][948]LogModuleManager: Shutting down and abandoning module ProfilerService (400)
[2019.04.13-13.32.49:529][948]LogModuleManager: Shutting down and abandoning module TaskGraph (398)
[2019.04.13-13.32.49:529][948]LogModuleManager: Shutting down and abandoning module SteamVRController (396)
[2019.04.13-13.32.49:529][948]LogModuleManager: Shutting down and abandoning module ProceduralMeshComponentEditor (394)
[2019.04.13-13.32.49:529][948]LogModuleManager: Shutting down and abandoning module ProceduralMeshComponent (392)
[2019.04.13-13.32.49:529][948]LogModuleManager: Shutting down and abandoning module OculusInput (390)
[2019.04.13-13.32.49:529][948]LogModuleManager: Shutting down and abandoning module MobilePatchingUtils (388)
[2019.04.13-13.32.49:529][948]LogModuleManager: Shutting down and abandoning module EditableMesh (386)
[2019.04.13-13.32.49:529][948]LogModuleManager: Shutting down and abandoning module CustomMeshComponent (384)
[2019.04.13-13.32.49:529][948]LogModuleManager: Shutting down and abandoning module CableComponent (382)
[2019.04.13-13.32.49:529][948]LogModuleManager: Shutting down and abandoning module AudioCapture (380)
[2019.04.13-13.32.49:529][948]LogModuleManager: Shutting down and abandoning module ArchVisCharacter (378)
[2019.04.13-13.32.49:529][948]LogModuleManager: Shutting down and abandoning module AndroidPermission (376)
[2019.04.13-13.32.49:529][948]LogModuleManager: Shutting down and abandoning module NUTUnrealEngine4 (374)
[2019.04.13-13.32.49:529][948]LogModuleManager: Shutting down and abandoning module NetcodeUnitTest (372)
[2019.04.13-13.32.49:529][948]LogModuleManager: Shutting down and abandoning module MediaCompositingEditor (370)
[2019.04.13-13.32.49:529][948]LogModuleManager: Shutting down and abandoning module MediaCompositing (368)
[2019.04.13-13.32.49:529][948]LogModuleManager: Shutting down and abandoning module LinearTimecode (366)
[2019.04.13-13.32.49:529][948]LogModuleManager: Shutting down and abandoning module ImgMedia (364)
[2019.04.13-13.32.49:532][948]LogModuleManager: Shutting down and abandoning module HTML5Networking (362)
[2019.04.13-13.32.49:532][948]LogModuleManager: Shutting down and abandoning module GeometryCacheTracks (360)
[2019.04.13-13.32.49:532][948]LogModuleManager: Shutting down and abandoning module GeometryCacheSequencer (358)
[2019.04.13-13.32.49:532][948]LogModuleManager: Shutting down and abandoning module BackChannel (356)
[2019.04.13-13.32.49:532][948]LogModuleManager: Shutting down and abandoning module AppleVision (354)
[2019.04.13-13.32.49:532][948]LogModuleManager: Shutting down and abandoning module AppleImageUtils (352)
[2019.04.13-13.32.49:532][948]LogModuleManager: Shutting down and abandoning module AlembicImporter (350)
[2019.04.13-13.32.49:532][948]LogModuleManager: Shutting down and abandoning module AlembicLibrary (349)
[2019.04.13-13.32.49:532][948]LogModuleManager: Shutting down and abandoning module GeometryCache (348)
[2019.04.13-13.32.49:532][948]LogModuleManager: Shutting down and abandoning module GeometryCacheEd (347)
[2019.04.13-13.32.49:532][948]LogModuleManager: Shutting down and abandoning module DatasmithContentEditor (342)
[2019.04.13-13.32.49:532][948]LogModuleManager: Shutting down and abandoning module DatasmithContent (340)
[2019.04.13-13.32.49:533][948]LogModuleManager: Shutting down and abandoning module SpeedTreeImporter (338)
[2019.04.13-13.32.49:533][948]LogModuleManager: Shutting down and abandoning module PluginBrowser (336)
[2019.04.13-13.32.49:533][948]LogModuleManager: Shutting down and abandoning module MobileLauncherProfileWizard (334)
[2019.04.13-13.32.49:533][948]LogModuleManager: Shutting down and abandoning module PolygonModeling (332)
[2019.04.13-13.32.49:533][948]LogModuleManager: Shutting down and abandoning module MeshEditor (330)
[2019.04.13-13.32.49:533][948]LogModuleManager: Shutting down and abandoning module CryptoKeysOpenSSL (328)
[2019.04.13-13.32.49:533][948]LogModuleManager: Shutting down and abandoning module CryptoKeys (326)
[2019.04.13-13.32.49:533][948]LogModuleManager: Shutting down and abandoning module VisualStudioSourceCodeAccess (324)
[2019.04.13-13.32.49:533][948]LogModuleManager: Shutting down and abandoning module VisualStudioCodeSourceCodeAccess (322)
[2019.04.13-13.32.49:533][948]LogModuleManager: Shutting down and abandoning module UObjectPlugin (320)
[2019.04.13-13.32.49:533][948]LogModuleManager: Shutting down and abandoning module SubversionSourceControl (318)
[2019.04.13-13.32.49:533][948]LogModuleManager: Shutting down and abandoning module PerforceSourceControl (316)
[2019.04.13-13.32.49:533][948]LogModuleManager: Shutting down and abandoning module GitSourceControl (314)
[2019.04.13-13.32.49:533][948]LogModuleManager: Shutting down and abandoning module SourceControl (313)
[2019.04.13-13.32.49:533][948]LogModuleManager: Shutting down and abandoning module CLionSourceCodeAccess (310)
[2019.04.13-13.32.49:533][948]LogModuleManager: Shutting down and abandoning module LightPropagationVolumeEditor (308)
[2019.04.13-13.32.49:533][948]LogModuleManager: Shutting down and abandoning module PaperTiledImporter (306)
[2019.04.13-13.32.49:533][948]LogModuleManager: Shutting down and abandoning module PaperSpriteSheetImporter (304)
[2019.04.13-13.32.49:533][948]LogModuleManager: Shutting down and abandoning module Paper2DEditor (302)
[2019.04.13-13.32.49:533][948]LogModuleManager: Shutting down and abandoning module MeshPaint (301)
[2019.04.13-13.32.49:533][948]LogModuleManager: Shutting down and abandoning module RuntimePhysXCooking (298)
[2019.04.13-13.32.49:533][948]LogModuleManager: Shutting down and abandoning module PhysXVehiclesEditor (296)
[2019.04.13-13.32.49:533][948]LogModuleManager: Shutting down and abandoning module PhysXVehicles (294)
[2019.04.13-13.32.49:533][948]LogModuleManager: Shutting down and abandoning module OculusEditor (292)
[2019.04.13-13.32.49:533][948]LogModuleManager: Shutting down and abandoning module LocationServicesBPLibrary (290)
[2019.04.13-13.32.49:533][948]LogModuleManager: Shutting down and abandoning module ImmediatePhysicsEditor (288)
[2019.04.13-13.32.49:533][948]LogModuleManager: Shutting down and abandoning module ImmediatePhysics (286)
[2019.04.13-13.32.49:533][948]LogModuleManager: Shutting down and abandoning module ActorSequence (284)
[2019.04.13-13.32.49:533][948]LogModuleManager: Shutting down and abandoning module UdpMessaging (282)
[2019.04.13-13.32.49:635][948]LogModuleManager: Shutting down and abandoning module TcpMessaging (280)
[2019.04.13-13.32.49:735][948]LogModuleManager: Shutting down and abandoning module MagicLeapAudio (278)
[2019.04.13-13.32.49:735][948]LogModuleManager: Shutting down and abandoning module GameplayTagsEditor (276)
[2019.04.13-13.32.49:735][948]LogModuleManager: Shutting down and abandoning module FacialAnimationEditor (274)
[2019.04.13-13.32.49:735][948]LogModuleManager: Shutting down and abandoning module FacialAnimation (272)
[2019.04.13-13.32.49:735][948]LogModuleManager: Shutting down and abandoning module DataValidation (270)
[2019.04.13-13.32.49:735][948]LogModuleManager: Shutting down and abandoning module AssetManagerEditor (268)
[2019.04.13-13.32.49:735][948]LogModuleManager: Shutting down and abandoning module LevelEditor (267)
[2019.04.13-13.32.49:735][948]LogModuleManager: Shutting down and abandoning module PixelInspectorModule (266)
[2019.04.13-13.32.49:735][948]LogModuleManager: Shutting down and abandoning module CommonMenuExtensions (264)
[2019.04.13-13.32.49:735][948]LogModuleManager: Shutting down and abandoning module MainFrame (262)
[2019.04.13-13.32.49:735][948]LogModuleManager: Shutting down and abandoning module HotReload (261)
[2019.04.13-13.32.49:736][948]LogModuleManager: Shutting down and abandoning module ContentBrowser (257)
[2019.04.13-13.32.49:736][948]LogModuleManager: Shutting down and abandoning module TreeMap (255)
[2019.04.13-13.32.49:736][948]LogModuleManager: Shutting down and abandoning module LightPropagationVolumeRuntime (252)
[2019.04.13-13.32.49:736][948]LogModuleManager: Shutting down and abandoning module AISupportModule (250)
[2019.04.13-13.32.49:736][948]LogModuleManager: Shutting down and abandoning module Paper2D (248)
[2019.04.13-13.32.49:736][948]LogModuleManager: Shutting down and abandoning module WindowsMoviePlayer (246)
[2019.04.13-13.32.49:736][948]LogModuleManager: Shutting down and abandoning module WmfMedia (244)
[2019.04.13-13.32.49:737][948]LogModuleManager: Shutting down and abandoning module Media (243)
[2019.04.13-13.32.49:744][948]LogModuleManager: Shutting down and abandoning module PacketHandler (240)
[2019.04.13-13.32.49:744][948]LogModuleManager: Shutting down and abandoning module ClothingSystemEditor (238)
[2019.04.13-13.32.49:744][948]LogModuleManager: Shutting down and abandoning module ClothingSystemRuntime (236)
[2019.04.13-13.32.49:744][948]LogModuleManager: Shutting down and abandoning module MediaAssets (234)
[2019.04.13-13.32.49:744][948]LogModuleManager: Shutting down and abandoning module Overlay (232)
[2019.04.13-13.32.49:744][948]LogModuleManager: Shutting down and abandoning module OverlayEditor (231)
[2019.04.13-13.32.49:744][948]LogModuleManager: Shutting down and abandoning module VREditor (228)
[2019.04.13-13.32.49:744][948]LogModuleManager: Shutting down and abandoning module StringTableEditor (226)
[2019.04.13-13.32.49:744][948]LogModuleManager: Shutting down and abandoning module GameplayTasksEditor (224)
[2019.04.13-13.32.49:744][948]LogModuleManager: Shutting down and abandoning module BehaviorTreeEditor (222)
[2019.04.13-13.32.49:744][948]LogModuleManager: Shutting down and abandoning module FunctionalTesting (220)
[2019.04.13-13.32.49:744][948]LogModuleManager: Shutting down and abandoning module CollisionAnalyzer (218)
[2019.04.13-13.32.49:744][948]LogModuleManager: Shutting down and abandoning module WorkspaceMenuStructure (217)
[2019.04.13-13.32.49:744][948]LogModuleManager: Shutting down and abandoning module UMG (214)
[2019.04.13-13.32.49:744][948]LogModuleManager: Shutting down and abandoning module UMGEditor (213)
[2019.04.13-13.32.49:744][948]LogModuleManager: Shutting down and abandoning module Sequencer (212)
[2019.04.13-13.32.49:745][948]LogModuleManager: Shutting down and abandoning module MessageLog (209)
[2019.04.13-13.32.49:745][948]LogModuleManager: Shutting down and abandoning module SlateReflector (204)
[2019.04.13-13.32.49:745][948]LogModuleManager: Shutting down and abandoning module Slate (202)
[2019.04.13-13.32.49:745][948]LogModuleManager: Shutting down and abandoning module EditorStyle (200)
[2019.04.13-13.32.49:746][948]LogModuleManager: Shutting down and abandoning module MRMesh (198)
[2019.04.13-13.32.49:746][948]LogModuleManager: Shutting down and abandoning module SourceCodeAccess (196)
[2019.04.13-13.32.49:746][948]LogModuleManager: Shutting down and abandoning module HeadMountedDisplay (194)
[2019.04.13-13.32.49:746][948]LogModuleManager: Shutting down and abandoning module XAudio2 (192)
[2019.04.13-13.32.49:746][948]LogModuleManager: Shutting down and abandoning module Networking (190)
[2019.04.13-13.32.49:746][948]LogModuleManager: Shutting down and abandoning module Core (188)
[2019.04.13-13.32.49:746][948]LogModuleManager: Shutting down and abandoning module LevelSequence (186)
[2019.04.13-13.32.49:746][948]LogModuleManager: Shutting down and abandoning module KismetCompiler (184)
[2019.04.13-13.32.49:746][948]LogModuleManager: Shutting down and abandoning module MeshUtilities (182)
[2019.04.13-13.32.49:746][948]LogModuleManager: Shutting down and abandoning module MeshMergeUtilities (181)
[2019.04.13-13.32.49:746][948]LogModuleManager: Shutting down and abandoning module MeshReductionInterface (180)
[2019.04.13-13.32.49:746][948]LogModuleManager: Shutting down and abandoning module SimplygonSwarm (179)
[2019.04.13-13.32.49:746][948]LogModuleManager: Shutting down and abandoning module ProxyLODMeshReduction (177)
[2019.04.13-13.32.49:746][948]LogModuleManager: Shutting down and abandoning module SimplygonMeshReduction (175)
[2019.04.13-13.32.49:746][948]LogModuleManager: Shutting down and abandoning module QuadricMeshReduction (173)
[2019.04.13-13.32.49:746][948]LogModuleManager: Shutting down and abandoning module MaterialBaking (169)
[2019.04.13-13.32.49:746][948]LogModuleManager: Shutting down and abandoning module DirectoryWatcher (165)
[2019.04.13-13.32.49:746][948]LogModuleManager: Shutting down and abandoning module DerivedDataCache (162)
[2019.04.13-13.32.50:062][948]LogDerivedDataCache: Shutdown
[2019.04.13-13.32.50:063][948]LogModuleManager: Shutting down and abandoning module XGEController (160)
[2019.04.13-13.32.50:063][948]LogModuleManager: Shutting down and abandoning module TargetPlatform (158)
[2019.04.13-13.32.50:063][948]LogModuleManager: Shutting down and abandoning module VulkanShaderFormat (157)
[2019.04.13-13.32.50:063][948]LogModuleManager: Shutting down and abandoning module ShaderFormatVectorVM (155)
[2019.04.13-13.32.50:063][948]LogModuleManager: Shutting down and abandoning module ShaderFormatOpenGL (153)
[2019.04.13-13.32.50:063][948]LogModuleManager: Shutting down and abandoning module ShaderFormatD3D (151)
[2019.04.13-13.32.50:063][948]LogModuleManager: Shutting down and abandoning module MetalShaderFormat (149)
[2019.04.13-13.32.50:063][948]LogModuleManager: Shutting down and abandoning module TextureFormatUncompressed (147)
[2019.04.13-13.32.50:063][948]LogModuleManager: Shutting down and abandoning module TextureFormatPVR (145)
[2019.04.13-13.32.50:063][948]LogModuleManager: Shutting down and abandoning module TextureFormatDXT (143)
[2019.04.13-13.32.50:063][948]LogModuleManager: Shutting down and abandoning module TextureFormatIntelISPCTexComp (141)
[2019.04.13-13.32.50:063][948]LogModuleManager: Shutting down and abandoning module TextureFormatASTC (139)
[2019.04.13-13.32.50:063][948]LogModuleManager: Shutting down and abandoning module ImageWrapper (138)
[2019.04.13-13.32.50:063][948]LogModuleManager: Shutting down and abandoning module TextureFormatAndroid (135)
[2019.04.13-13.32.50:063][948]LogModuleManager: Shutting down and abandoning module AudioFormatOpus (133)
[2019.04.13-13.32.50:063][948]LogModuleManager: Shutting down and abandoning module AudioFormatOgg (131)
[2019.04.13-13.32.50:063][948]LogModuleManager: Shutting down and abandoning module AudioFormatADPCM (129)
[2019.04.13-13.32.50:063][948]LogModuleManager: Shutting down and abandoning module LuminTargetPlatform (127)
[2019.04.13-13.32.50:063][948]LogModuleManager: Shutting down and abandoning module LinuxTargetPlatform (125)
[2019.04.13-13.32.50:063][948]LogModuleManager: Shutting down and abandoning module LinuxServerTargetPlatform (123)
[2019.04.13-13.32.50:063][948]LogModuleManager: Shutting down and abandoning module LinuxNoEditorTargetPlatform (121)
[2019.04.13-13.32.50:063][948]LogModuleManager: Shutting down and abandoning module LinuxClientTargetPlatform (119)
[2019.04.13-13.32.50:063][948]LogModuleManager: Shutting down and abandoning module TVOSTargetPlatform (117)
[2019.04.13-13.32.50:063][948]LogModuleManager: Shutting down and abandoning module Messaging (115)
[2019.04.13-13.32.50:063][948]LogModuleManager: Shutting down and abandoning module IOSTargetPlatform (113)
[2019.04.13-13.32.50:064][948]LogModuleManager: Shutting down and abandoning module HTML5TargetPlatform (111)
[2019.04.13-13.32.50:064][948]LogModuleManager: Shutting down and abandoning module AndroidTargetPlatform (109)
[2019.04.13-13.32.50:068][948]LogModuleManager: Shutting down and abandoning module WindowsTargetPlatform (107)
[2019.04.13-13.32.50:068][948]LogModuleManager: Shutting down and abandoning module WindowsServerTargetPlatform (105)
[2019.04.13-13.32.50:068][948]LogModuleManager: Shutting down and abandoning module WindowsNoEditorTargetPlatform (103)
[2019.04.13-13.32.50:068][948]LogModuleManager: Shutting down and abandoning module WindowsClientTargetPlatform (101)
[2019.04.13-13.32.50:068][948]LogModuleManager: Shutting down and abandoning module MacTargetPlatform (99)
[2019.04.13-13.32.50:068][948]LogModuleManager: Shutting down and abandoning module MacServerTargetPlatform (97)
[2019.04.13-13.32.50:068][948]LogModuleManager: Shutting down and abandoning module MacNoEditorTargetPlatform (95)
[2019.04.13-13.32.50:068][948]LogModuleManager: Shutting down and abandoning module MacClientTargetPlatform (93)
[2019.04.13-13.32.50:068][948]LogModuleManager: Shutting down and abandoning module AllDesktopTargetPlatform (91)
[2019.04.13-13.32.50:068][948]LogModuleManager: Shutting down and abandoning module InputCore (88)
[2019.04.13-13.32.50:068][948]LogModuleManager: Shutting down and abandoning module Settings (86)
[2019.04.13-13.32.50:068][948]LogModuleManager: Shutting down and abandoning module PhysXCooking (84)
[2019.04.13-13.32.50:068][948]LogModuleManager: Shutting down and abandoning module SteamVR (82)
[2019.04.13-13.32.50:068][948]LogModuleManager: Shutting down and abandoning module OculusHMD (80)
[2019.04.13-13.32.50:068][948]LogModuleManager: Shutting down and abandoning module ExampleDeviceProfileSelector (78)
[2019.04.13-13.32.50:068][948]LogModuleManager: Shutting down and abandoning module LauncherChunkInstaller (76)
[2019.04.13-13.32.50:068][948]LogModuleManager: Shutting down and abandoning module OnlineBlueprintSupport (74)
[2019.04.13-13.32.50:068][948]LogModuleManager: Shutting down and abandoning module OnlineSubsystem (70)
[2019.04.13-13.32.50:069][948]LogModuleManager: Shutting down and abandoning module XMPP (65)
[2019.04.13-13.32.50:069][948]LogModuleManager: Shutting down and abandoning module WebSockets (64)
[2019.04.13-13.32.50:084][948]LogModuleManager: Shutting down and abandoning module HTTP (61)
[2019.04.13-13.32.50:084][948]LogHttp: Display: Http module shutting down, but needs to wait on 1 outstanding Http requests:
[2019.04.13-13.32.50:084][948]LogHttp: Display: 	verb=[POST] url=[https://datarouter.ol.epicgames.com/datarouter/api/v1/public/data?SessionID=%7BF5BB4EFA-44F9-2CA7-A33D-C4ADAE831100%7D&AppID=UEEditor.Rocket.Release&AppVersion=4.20.3-4369336%2B%2B%2BUE4%2BRelease-4.20&UserID=33d4fcb8423debe185793495173773d8%7C1e5fce73afff405ab06b806585640cd9%7C63708c9e-6518-4bc2-85e0-126a962e899e&AppEnvironment=datacollector-binary&UploadType=eteventstream] status=Processing
[2019.04.13-13.32.50:097][948]LogModuleManager: Shutting down and abandoning module SSL (60)
[2019.04.13-13.32.50:098][948]LogModuleManager: Shutting down and abandoning module MagicLeapEmulator (56)
[2019.04.13-13.32.50:098][948]LogModuleManager: Shutting down and abandoning module MagicLeapPrivileges (54)
[2019.04.13-13.32.50:098][948]LogModuleManager: Shutting down and abandoning module MagicLeapIdentity (52)
[2019.04.13-13.32.50:098][948]LogModuleManager: Shutting down and abandoning module MagicLeapHelperVulkan (50)
[2019.04.13-13.32.50:098][948]LogModuleManager: Shutting down and abandoning module MagicLeapHelperOpenGL (48)
[2019.04.13-13.32.50:098][948]LogModuleManager: Shutting down and abandoning module MagicLeapSecureStorage (46)
[2019.04.13-13.32.50:098][948]LogModuleManager: Shutting down and abandoning module MagicLeapGestures (44)
[2019.04.13-13.32.50:098][948]LogModuleManager: Shutting down and abandoning module MagicLeapEyeTracker (42)
[2019.04.13-13.32.50:098][948]LogModuleManager: Shutting down and abandoning module MagicLeapController (40)
[2019.04.13-13.32.50:098][948]LogSlate: Slate User Destroyed.  User Index 0, Is Virtual User: 0
[2019.04.13-13.32.50:098][948]LogModuleManager: Shutting down and abandoning module MagicLeap (38)
[2019.04.13-13.32.50:098][948]LogModuleManager: Shutting down and abandoning module AnimationModifiers (36)
[2019.04.13-13.32.50:098][948]LogModuleManager: Shutting down and abandoning module PropertyEditor (35)
[2019.04.13-13.32.50:099][948]LogModuleManager: Shutting down and abandoning module AudioEditor (32)
[2019.04.13-13.32.50:099][948]LogModuleManager: Shutting down and abandoning module TextureCompressor (30)
[2019.04.13-13.32.50:099][948]LogModuleManager: Shutting down and abandoning module ShaderCore (28)
[2019.04.13-13.32.50:099][948]LogModuleManager: Shutting down and abandoning module Landscape (26)
[2019.04.13-13.32.50:099][948]LogModuleManager: Shutting down and abandoning module SlateRHIRenderer (24)
[2019.04.13-13.32.50:099][948]LogModuleManager: Shutting down and abandoning module OpenGLDrv (22)
[2019.04.13-13.32.50:099][948]LogModuleManager: Shutting down and abandoning module D3D11RHI (20)
[2019.04.13-13.32.50:099][948]LogModuleManager: Shutting down and abandoning module AnimGraphRuntime (18)
[2019.04.13-13.32.50:099][948]LogModuleManager: Shutting down and abandoning module Renderer (16)
[2019.04.13-13.32.50:099][948]LogModuleManager: Shutting down and abandoning module Engine (14)
[2019.04.13-13.32.50:099][948]LogModuleManager: Shutting down and abandoning module CoreUObject (12)
[2019.04.13-13.32.50:099][948]LogModuleManager: Shutting down and abandoning module NetworkFile (10)
[2019.04.13-13.32.50:099][948]LogModuleManager: Shutting down and abandoning module CookedIterativeFile (8)
[2019.04.13-13.32.50:099][948]LogModuleManager: Shutting down and abandoning module StreamingFile (6)
[2019.04.13-13.32.50:099][948]LogModuleManager: Shutting down and abandoning module SandboxFile (4)
[2019.04.13-13.32.50:099][948]LogModuleManager: Shutting down and abandoning module PakFile (2)
[2019.04.13-13.32.50:103][948]LogExit: Exiting.
[2019.04.13-13.32.50:115][948]Log file closed, 04/13/19 21:32:50
